Arguments: 
  /usr/local/bin/node /usr/local/Cellar/yarn/1.22.5/libexec/bin/yarn.js publish

PATH: 
  /usr/local/bin:/usr/bin:/bin:/usr/sbin:/sbin:/Library/Apple/usr/bin:/Users/trantien/Documents/ReactNative/project/trantien97-react-native-mentions-editor/node_modules/.bin

Yarn version: 
  1.22.5

Node version: 
  14.12.0

Platform: 
  darwin x64

Trace: 
  SyntaxError: /Users/trantien/Documents/ReactNative/project/trantien97-react-native-mentions-editor/package.json: Unexpected token } in JSON at position 265
      at JSON.parse (<anonymous>)
      at /usr/local/Cellar/yarn/1.22.5/libexec/lib/cli.js:1625:59
      at Generator.next (<anonymous>)
      at step (/usr/local/Cellar/yarn/1.22.5/libexec/lib/cli.js:310:30)
      at /usr/local/Cellar/yarn/1.22.5/libexec/lib/cli.js:321:13

npm manifest: 
  {
    "name": "@trantienhd97/react-native-mentions-editor",
    "version": "1.0.11",
    "description": "Mentions for React-Native. Tested on iOS. Should work on Android.",
    "main": "index.js",
    "scripts": {
      "test": "echo \"Error: no test specified\" && exit 1",
    },
    "repository": {
      "type": "git",
      "url": "git+https://github.com/mrazadar/react-native-mentions-editor.git"
    },
    "keywords": [
      "react-native-mentions",
      "react native mentions",
      "react-native",
      "react-component",
      "editor",
      "mobile",
      "ios",
      "android",
      "mentions"
    ],
    "author": "Muhammad Raza Dar <mrazadar@gmail.here> (https://about.me/mrazadar)",
    "license": "MIT",
    "bugs": {
      "url": "https://github.com/mrazadar/react-native-mentions-editor/issues"
    },
    "homepage": "https://github.com/mrazadar/react-native-mentions-editor#readme"
  }

yarn manifest: 
  No manifest

Lockfile: 
  # THIS IS AN AUTOGENERATED FILE. DO NOT EDIT THIS FILE DIRECTLY.
  # yarn lockfile v1
